<?xml version="1.0" encoding="UTF-8"?>
<!-- Generated by org.testng.reporters.JUnitReportReporter -->
<testsuite skipped="0" hostname="gchavva9" name="com.qa.sms.ReadExcel" tests="1" failures="0" timestamp="03 Feb 2019 11:39:42 GMT" time="1.847" errors="0">
  <testcase name="send" time="1.847" classname="com.qa.sms.ReadExcel"/>
</testsuite> <!-- com.qa.sms.ReadExcel -->
